[max-happy.vercel.app/index.html]
[backblue.gif]
[fade.gif]
[index.html]
[max-happy.vercel.app/image/favicon-16x16.png]
[max-happy.vercel.app/conten/style.css]
[max-happy.vercel.app/css/overlay.css]
[max-happy.vercel.app/css/styles.css]
[max-happy.vercel.app/image/live.svg]
[max-happy.vercel.app/previo.svg]
[max-happy.vercel.app/nxt.svg]
[max-happy.vercel.app/js/link.js]
[max-happy.vercel.app/js/ads.js]
[max-happy.vercel.app/index.html]
[max-happy.vercel.app/conten/style.css]
[max-happy.vercel.app/css/overlay.css]
[max-happy.vercel.app/css/styles.css]
[max-happy.vercel.app/image/live.svg]
[max-happy.vercel.app/previo.svg]
[max-happy.vercel.app/nxt.svg]
